16:03:46  Using device: cuda
16:03:46  Loading data...
16:03:46    Probing class sizes to determine balance cap...
16:03:46  NumExpr defaulting to 16 threads.
16:03:47  You are clipping the values of the feature 'part_pt' in input space with clip_min_input_space = 1.0 and clip_max_input_space = None. Make sure this is intended. THIS IS NOT INVERTIBLE.
16:03:47      l1t_minbias: 1264 events
16:03:47  You are clipping the values of the feature 'part_pt' in input space with clip_min_input_space = 1.0 and clip_max_input_space = None. Make sure this is intended. THIS IS NOT INVERTIBLE.
16:03:50      l1t_qcd: 3019612 events
16:03:50  You are clipping the values of the feature 'part_pt' in input space with clip_min_input_space = 1.0 and clip_max_input_space = None. Make sure this is intended. THIS IS NOT INVERTIBLE.
16:03:51      l1t_ggHbb: 686871 events
16:03:51  You are clipping the values of the feature 'part_pt' in input space with clip_min_input_space = 1.0 and clip_max_input_space = None. Make sure this is intended. THIS IS NOT INVERTIBLE.
16:03:52      l1t_VBFHbb: 1077601 events
16:03:52    → Capping all classes at 1264 events (balanced)
16:03:52    Loading l1t_minbias...
16:03:52  You are clipping the values of the feature 'part_pt' in input space with clip_min_input_space = 1.0 and clip_max_input_space = None. Make sure this is intended. THIS IS NOT INVERTIBLE.
16:03:52      → 884 train / 189 val / 191 test  (total loaded: 1264)
16:03:52    Loading l1t_qcd...
16:03:52  You are clipping the values of the feature 'part_pt' in input space with clip_min_input_space = 1.0 and clip_max_input_space = None. Make sure this is intended. THIS IS NOT INVERTIBLE.
16:03:52      → 884 train / 189 val / 191 test  (total loaded: 1264)
16:03:52    Loading l1t_ggHbb...
16:03:52  You are clipping the values of the feature 'part_pt' in input space with clip_min_input_space = 1.0 and clip_max_input_space = None. Make sure this is intended. THIS IS NOT INVERTIBLE.
16:03:52      → 884 train / 189 val / 191 test  (total loaded: 1264)
16:03:52    Loading l1t_VBFHbb...
16:03:52  You are clipping the values of the feature 'part_pt' in input space with clip_min_input_space = 1.0 and clip_max_input_space = None. Make sure this is intended. THIS IS NOT INVERTIBLE.
16:03:52      → 884 train / 189 val / 191 test  (total loaded: 1264)
16:03:52    Class counts: [1264, 1264, 1264, 1264]  →  weights: [1.0, 1.0, 1.0, 1.0]
16:03:52  Train: 3536  Val: 756  Test: 764
16:03:52  
=== Training classifiers on original features (upper bound) ===
16:04:03    Original MLP accuracy:         0.4738
16:04:48    Original Transformer accuracy: 0.4843
16:04:48  
=== Codebook 512: encoding data... ===
16:04:49    Encoded 5056 events.
16:05:07    MLP bag-of-tokens accuracy:  0.4712
16:05:57    Transformer accuracy:         0.4634
16:05:57  
=== Codebook 1024: encoding data... ===
16:05:57    Encoded 5056 events.
16:06:14    MLP bag-of-tokens accuracy:  0.4699
16:07:00    Transformer accuracy:         0.4921
16:07:00  
=== Codebook 2048: encoding data... ===
16:07:00    Encoded 5056 events.
16:07:17    MLP bag-of-tokens accuracy:  0.4634
16:08:05    Transformer accuracy:         0.4673
16:08:05  
=== Codebook 4096: encoding data... ===
16:08:05    Encoded 5056 events.
16:08:24    MLP bag-of-tokens accuracy:  0.4450
16:09:15    Transformer accuracy:         0.4594
16:09:15  
=== Codebook 8192: encoding data... ===
16:09:15    Encoded 5056 events.
16:09:33    MLP bag-of-tokens accuracy:  0.4568
16:10:22    Transformer accuracy:         0.4529
16:10:22  
Plot saved to C:\Users\phili\Desktop\Studium\8. Semester\Semesterarbeit\experiment_plots\token_quality_classifier_accuracy_balanced.pdf
16:10:22  
=== Summary ===
16:10:22    Codebook       MLP   Transformer
16:10:22         512    0.4712        0.4634
16:10:22        1024    0.4699        0.4921
16:10:22        2048    0.4634        0.4673
16:10:22        4096    0.4450        0.4594
16:10:22        8192    0.4568        0.4529
16:10:22    Original    0.4738        0.4843
